"C:\Program Files\JetBrains\CLion 2020.3.2\bin\cmake\win\bin\cmake.exe" -DCMAKE_BUILD_TYPE=Debug -DCMAKE_DEPENDS_USE_COMPILER=FALSE -G "CodeBlocks - NMake Makefiles" "C:\Users\LucaS\OneDrive\Desktop\Università\Programmazione di Sistema\PdS_Progetto\our"
-- The C compiler identification is MSVC 19.28.29913.0
-- The CXX compiler identification is MSVC 19.28.29913.0
-- Detecting C compiler ABI info
-- Detecting C compiler ABI info - failed
-- Check for working C compiler: C:/Program Files (x86)/Microsoft Visual Studio/2019/BuildTools/VC/Tools/MSVC/14.28.29910/bin/Hostx86/x86/cl.exe
-- Check for working C compiler: C:/Program Files (x86)/Microsoft Visual Studio/2019/BuildTools/VC/Tools/MSVC/14.28.29910/bin/Hostx86/x86/cl.exe - broken
CMake Error at C:/Program Files/JetBrains/CLion 2020.3.2/bin/cmake/win/share/cmake-3.20/Modules/CMakeTestCCompiler.cmake:66 (message):
  The C compiler

    "C:/Program Files (x86)/Microsoft Visual Studio/2019/BuildTools/VC/Tools/MSVC/14.28.29910/bin/Hostx86/x86/cl.exe"

  is not able to compile a simple test program.

  It fails with the following output:

    Change Dir: C:/Users/LucaS/OneDrive/Desktop/UniversitÃ /Programmazione di Sistema/PdS_Progetto/our/cmake-build-debug-visual-studio/CMakeFiles/CMakeTmp
    
    Run Build Command(s):nmake -f Makefile /nologo cmTC_e41d7\fast && 	"C:\Program Files (x86)\Microsoft Visual Studio\2019\BuildTools\VC\Tools\MSVC\14.28.29910\bin\HostX86\x86\nmake.exe"  -f CMakeFiles\cmTC_e41d7.dir\build.make /nologo -L                  CMakeFiles\cmTC_e41d7.dir\build
    Building C object CMakeFiles/cmTC_e41d7.dir/testCCompiler.c.obj
    	"C:\Program Files\JetBrains\CLion 2020.3.2\bin\cmake\win\bin\cmake.exe" -E cmake_cl_compile_depends --dep-file=CMakeFiles\cmTC_e41d7.dir\testCCompiler.c.obj.d --working-dir="C:\Users\LucaS\OneDrive\Desktop\UniversitÃ“\Programmazione di Sistema\PdS_Progetto\our\cmake-build-debug-visual-studio\CMakeFiles\CMakeTmp" --filter-prefix="" -- C:\PROGRA~2\MICROS~2\2019\BUILDT~1\VC\Tools\MSVC\1428~1.299\bin\Hostx86\x86\cl.exe @C:\Users\LucaS\AppData\Local\Temp\nmEEB2.tmp
    Linking C executable cmTC_e41d7.exe
    	"C:\Program Files\JetBrains\CLion 2020.3.2\bin\cmake\win\bin\cmake.exe" -E vs_link_exe --intdir=CMakeFiles\cmTC_e41d7.dir --rc=C:\PROGRA~2\WI3CF2~1\10\bin\100190~1.0\x86\rc.exe --mt=C:\PROGRA~2\WI3CF2~1\10\bin\100190~1.0\x86\mt.exe --manifests -- C:\PROGRA~2\MICROS~2\2019\BUILDT~1\VC\Tools\MSVC\1428~1.299\bin\Hostx86\x86\link.exe /nologo @CMakeFiles\cmTC_e41d7.dir\objects1.rsp @C:\Users\LucaS\AppData\Local\Temp\nmEF01.tmp
    LINK Pass 1: command "C:\PROGRA~2\MICROS~2\2019\BUILDT~1\VC\Tools\MSVC\1428~1.299\bin\Hostx86\x86\link.exe /nologo @CMakeFiles\cmTC_e41d7.dir\objects1.rsp /out:cmTC_e41d7.exe /implib:cmTC_e41d7.lib /pdb:C:\Users\LucaS\OneDrive\Desktop\Universit?\Programmazione di Sistema\PdS_Progetto\our\cmake-build-debug-visual-studio\CMakeFiles\CMakeTmp\cmTC_e41d7.pdb /version:0.0 /machine:X86 /debug /INCREMENTAL /subsystem:console kernel32.lib user32.lib gdi32.lib winspool.lib shell32.lib ole32.lib oleaut32.lib uuid.lib comdlg32.lib advapi32.lib /MANIFEST /MANIFESTFILE:CMakeFiles\cmTC_e41d7.dir/intermediate.manifest CMakeFiles\cmTC_e41d7.dir/manifest.res" failed (exit code 1201) with the following output:
    LINK : fatal error LNK1201: errore di scrittura nel database di programma 'C:\Users\LucaS\OneDrive\Desktop\Universit?\Programmazione di Sistema\PdS_Progetto\our\cmake-build-debug-visual-studio\CMakeFiles\CMakeTmp\cmTC_e41d7.pdb'; verificare che lo spazio su disco sia sufficiente, il percorso sia valido o il privilegio sia sufficiente
    NMAKE : fatal error U1077: '"C:\Program Files\JetBrains\CLion 2020.3.2\bin\cmake\win\bin\cmake.exe"' : codice restituito '0xffffffff'
    Stop.
    NMAKE : fatal error U1077: '"C:\Program Files (x86)\Microsoft Visual Studio\2019\BuildTools\VC\Tools\MSVC\14.28.29910\bin\HostX86\x86\nmake.exe"' : codice restituito '0x2'
    Stop.
    
    

  

  CMake will not be able to correctly generate this project.
Call Stack (most recent call first):
  CMakeLists.txt:2 (project)


-- Configuring incomplete, errors occurred!
See also "C:/Users/LucaS/OneDrive/Desktop/UniversitÃ /Programmazione di Sistema/PdS_Progetto/our/cmake-build-debug-visual-studio/CMakeFiles/CMakeOutput.log".
See also "C:/Users/LucaS/OneDrive/Desktop/UniversitÃ /Programmazione di Sistema/PdS_Progetto/our/cmake-build-debug-visual-studio/CMakeFiles/CMakeError.log".
